
--- 2026-05-18T01:20:50.066Z debug
🪵  Writing logs to "D:\Projects\SteamReviewAnalysizer\.wrangler-config\.wrangler\logs\wrangler-2026-05-18_01-20-49_738.log"
---

--- 2026-05-18T01:20:50.065Z debug
.env file not found at "D:\Projects\SteamReviewAnalysizer\.env". Continuing... For more details, refer to https://developers.cloudflare.com/workers/wrangler/system-environment-variables/
---

--- 2026-05-18T01:20:50.067Z debug
.env file not found at "D:\Projects\SteamReviewAnalysizer\.env.local". Continuing... For more details, refer to https://developers.cloudflare.com/workers/wrangler/system-environment-variables/
---

--- 2026-05-18T01:20:50.078Z log

 ⛅️ wrangler 4.84.1 (update available 4.92.0)
─────────────────────────────────────────────
---

--- 2026-05-18T01:20:50.087Z debug
Metrics dispatcher: Posting data {"deviceId":"f534afe1-a9ac-419b-a573-5a6210db960b","event":"wrangler command started","timestamp":1779067250087,"properties":{"amplitude_session_id":1779067250082,"amplitude_event_id":0,"wranglerVersion":"4.84.1","wranglerMajorVersion":4,"wranglerMinorVersion":84,"wranglerPatchVersion":1,"osPlatform":"Windows","osVersion":"Windows 11 Enterprise","nodeVersion":22,"packageManager":"npm","isFirstUsage":true,"configFileType":"none","isCI":false,"isPagesCI":false,"isWorkersCI":false,"isInteractive":false,"hasAssets":false,"agent":null,"argsUsed":[],"argsCombination":"","sanitizedCommand":"dev","sanitizedArgs":{}}}
---

--- 2026-05-18T01:20:50.145Z debug
setting config
---

--- 2026-05-18T01:20:50.146Z debug
Updating config... undefined undefined
---

--- 2026-05-18T01:20:50.218Z debug
local dev variables file not found at ".dev.vars". Continuing... For more details, refer to https://developers.cloudflare.com/workers/wrangler/system-environment-variables/
---

--- 2026-05-18T01:20:50.219Z debug
.env file not found at "D:\Projects\SteamReviewAnalysizer\.env". Continuing... For more details, refer to https://developers.cloudflare.com/workers/wrangler/system-environment-variables/
---

--- 2026-05-18T01:20:50.219Z debug
.env file not found at "D:\Projects\SteamReviewAnalysizer\.env.local". Continuing... For more details, refer to https://developers.cloudflare.com/workers/wrangler/system-environment-variables/
---

--- 2026-05-18T01:20:50.220Z log
Your Worker has access to the following bindings:
---

--- 2026-05-18T01:20:50.220Z log
Binding            Resource      Mode
---

--- 2026-05-18T01:20:50.220Z log
env.ASSETS         Assets        local
---

--- 2026-05-18T01:20:50.220Z log

---

--- 2026-05-18T01:20:50.337Z debug
RemoteRuntimeController teardown beginning...
---

--- 2026-05-18T01:20:50.337Z debug
RemoteRuntimeController teardown complete
---

--- 2026-05-18T01:20:50.358Z log
⎔ Starting local server...
---

--- 2026-05-18T01:20:50.471Z debug
[InspectorProxyWorker] handleProxyControllerIncomingMessage {"type":"reloadStart"}
---

--- 2026-05-18T01:20:50.609Z debug
[InspectorProxyWorker] reconnectRuntimeWebSocket
---

--- 2026-05-18T01:20:50.613Z debug
[InspectorProxyWorker] SEND TO DEVTOOLS {"method":"Runtime.executionContextsCleared"}
---

--- 2026-05-18T01:20:50.615Z debug
[InspectorProxyWorker] handleProxyControllerIncomingMessage {"type":"reloadComplete","proxyData":{"userWorkerUrl":{"protocol":"http:","hostname":"127.0.0.1","port":"61358"},"userWorkerInspectorUrl":{"protocol":"ws:","hostname":"127.0.0.1","port":"61355","pathname":"/core:user:md"},"userWorkerInnerUrlOverrides":{"protocol":"http:"},"headers":{"MF-Proxy-Shared-Secret":"89ea0d35-7606-4283-93ba-3c012be4c752"},"liveReload":false,"proxyLogsToController":false}}
---

--- 2026-05-18T01:20:50.616Z debug
[InspectorProxyWorker] NEW RUNTIME WEBSOCKET http://127.0.0.1:61355/core:user:md
---

--- 2026-05-18T01:20:50.622Z debug
[InspectorProxyWorker] RUNTIME WEBSOCKET OPENED
---

--- 2026-05-18T01:20:50.624Z debug
[InspectorProxyWorker] SEND TO RUNTIME {"method":"Runtime.enable","id":100000001}
---

--- 2026-05-18T01:20:50.624Z debug
[InspectorProxyWorker] SEND TO RUNTIME {"method":"Network.enable","id":100000002}
---

--- 2026-05-18T01:20:50.625Z debug
[InspectorProxyWorker] RUNTIME INCOMING MESSAGE {
  method: 'Runtime.executionContextCreated',
  params: {
    context: {
      id: 250048321,
      origin: '',
      name: 'Worker',
      uniqueId: '7020516478244009659.-4531071675439059670'
    }
  }
}
---

--- 2026-05-18T01:20:50.625Z debug
[InspectorProxyWorker] RUNTIME INCOMING MESSAGE { id: 100000001, result: {} }
---

--- 2026-05-18T01:20:50.626Z debug
[InspectorProxyWorker] RUNTIME INCOMING MESSAGE { id: 100000002, method: 'Network.enable', result: {} }
---
